Arguments: 
  C:\Program Files\nodejs\node.exe C:\Users\foxge\AppData\Roaming\npm\node_modules\yarn\bin\yarn.js int

PATH: 
  C:\Windows\system32;C:\Windows;C:\Windows\System32\Wbem;C:\Windows\System32\WindowsPowerShell\v1.0\;C:\Windows\System32\OpenSSH\;C:\Program Files (x86)\NVIDIA Corporation\PhysX\Common;C:\Program Files\NVIDIA Corporation\NVIDIA NvDLISR;C:\Program Files\Microsoft SQL Server\130\Tools\Binn\;C:\Program Files\Microsoft SQL Server\Client SDK\ODBC\170\Tools\Binn\;C:\Program Files\nodejs\;C:\Program Files\dotnet\;C:\Program Files\Git\cmd;C:\WINDOWS\system32;C:\WINDOWS;C:\WINDOWS\System32\Wbem;C:\WINDOWS\System32\WindowsPowerShell\v1.0\;C:\WINDOWS\System32\OpenSSH\;C:\Program Files\MySQL\MySQL Shell 8.0\bin\;C:\Users\foxge\AppData\Local\Microsoft\WindowsApps;C:\Users\foxge\AppData\Local\Programs\Microsoft VS Code\bin;C:\Users\foxge\AppData\Roaming\npm;C:\Users\foxge\AppData\Local\GitHubDesktop\bin;C:\Users\foxge\.dotnet\tools;C:\Users\foxge\AppData\Local\Microsoft\WindowsApps;C:\sqlite3;

Yarn version: 
  1.22.10

Node version: 
  12.14.0

Platform: 
  win32 x64

Trace: 
  SyntaxError: C:\Users\foxge\Github\indecision-app\package.json: Unexpected end of JSON input
      at JSON.parse (<anonymous>)
      at C:\Users\foxge\AppData\Roaming\npm\node_modules\yarn\lib\cli.js:1625:59
      at Generator.next (<anonymous>)
      at step (C:\Users\foxge\AppData\Roaming\npm\node_modules\yarn\lib\cli.js:310:30)
      at C:\Users\foxge\AppData\Roaming\npm\node_modules\yarn\lib\cli.js:321:13

npm manifest: 
  

yarn manifest: 
  No manifest

Lockfile: 
  # THIS IS AN AUTOGENERATED FILE. DO NOT EDIT THIS FILE DIRECTLY.
  # yarn lockfile v1
